This file contains any messages produced by compilers while
running configure, to aid debugging if configure makes a mistake.

It was created by OpenFst configure 1.8.0, which was
generated by GNU Autoconf 2.71.  Invocation command line was

  $ configure --enable-static

## --------- ##
## Platform. ##
## --------- ##

hostname = nixos
uname -m = x86_64
uname -r = 6.1.91
uname -s = Linux
uname -v = #1-NixOS SMP PREEMPT_DYNAMIC Fri May 17 09:56:25 UTC 2024

/usr/bin/uname -p = unknown
/bin/uname -X     = unknown

/bin/arch              = unknown
/usr/bin/arch -k       = unknown
/usr/convex/getsysinfo = unknown
/usr/bin/hostinfo      = unknown
/bin/machine           = unknown
/usr/bin/oslevel       = unknown
/bin/universe          = unknown

PATH: /nix/store/qddh95vjifqqlvby19maszcapnm3jkhk-bash-interactive-5.2-p15/bin/
PATH: /nix/store/akyvqc1qabybiv40vj8rp2nkapwhixaa-python3-3.9.19/bin/
PATH: /nix/store/556d870m1xjnym3jnsp9bvjgph4cclrj-patchelf-0.15.0/bin/
PATH: /nix/store/a9kr77jici5pfcv8hprqncnmjlsrjhi4-gcc-wrapper-12.3.0/bin/
PATH: /nix/store/h2abv2l8irqj942i5rq9wbrj42kbsh5y-gcc-12.3.0/bin/
PATH: /nix/store/cww3k56xakjzf71wjc4jwcj7r95m97a1-glibc-2.38-66-bin/bin/
PATH: /nix/store/204ak4443zipfr2yi6y5wal05bck1qqg-coreutils-9.3/bin/
PATH: /nix/store/arixiwn6cdsanbbyf1mgwrx1lg4mvq05-binutils-wrapper-2.40/bin/
PATH: /nix/store/01bi48ga8vzbz4zgh7g3bsl620cj27kj-binutils-2.40/bin/
PATH: /nix/store/z7mzccnisx6jp2q535wq2rs7ndrvw15i-gnumake-4.4.1/bin/
PATH: /nix/store/198r4z4154s2zjbrr655sq5fd1c586lf-python3.9-charset-normalizer-3.2.0/bin/
PATH: /nix/store/xif86hlvcvnq219clvnwkmarpghmkni7-python3.9-tqdm-4.66.1/bin/
PATH: /nix/store/d6a5q73qxpc660h179bxnk9i9nca0pc7-python3.9-srt-3.5.3/bin/
PATH: /nix/store/86pwy8ica4v5il96myhsksj8ng09xmc2-bash-interactive-5.2-p15/bin/
PATH: /nix/store/gfzl3pvf545i8ldcgafff4cgrwbqkwsm-dash-0.5.12/bin/
PATH: /nix/store/57dqrh5d96g2lriyyf81j53vzphfflh9-bash-5.2-p15/bin/
PATH: /nix/store/g84xzgbaf74alskp78qcf7ia32yvxhi8-cmake-3.27.7/bin/
PATH: /nix/store/8hakrs12dkdmcfbg9650pmxg80mb2m7q-gfortran-12.3.0/bin/
PATH: /nix/store/pr3vrpmskw6wxx75r5f5q6xs1qm7263i-perl-5.38.2/bin/
PATH: /nix/store/j97x4kjmrxcik36cf2mwg5vpichxwb3g-autoconf-2.71/bin/
PATH: /nix/store/b18fzmm7wbmdmhih503i1h0c8nrr8wam-automake-1.16.5/bin/
PATH: /nix/store/p0cp9gvv1flnwqqdg39kgf7zfa4j43vx-unzip-6.0/bin/
PATH: /nix/store/1cfv0fqxb6mqnzzsiyakhsinb9mdz71k-sox-unstable-2021-05-09/bin/
PATH: /nix/store/v4hi0x85i9f6y5rnk5ldqyz3k6dy8q3w-libtool-2.4.7/bin/
PATH: /nix/store/acwkp9xiw3vb9l5rxdcfxizzj3a594js-gnum4-1.4.19/bin/
PATH: /nix/store/r46aibnxb5151ijrywmmqk0m9hmpw0v8-file-5.45/bin/
PATH: /nix/store/7y1w8xnjpjlz6ki9sficbh1665i5dpn2-openfst-1.8.2/bin/
PATH: /nix/store/w3j8xfgmxvgvxykiysl7ymj77im2lp96-openblas-0.3.24/bin/
PATH: /nix/store/glb65fj2d30yv9kvrgvkhzvd5cl67a10-wget-1.21.4/bin/
PATH: /nix/store/204ak4443zipfr2yi6y5wal05bck1qqg-coreutils-9.3/bin/
PATH: /nix/store/grxhyjp838kk88vx0bykqflq0sis6i17-findutils-4.9.0/bin/
PATH: /nix/store/n7vyjacjcdnc6mqcfj2wdgq7ks65pbyc-diffutils-3.10/bin/
PATH: /nix/store/w69q832hyxlriwa9vvcj076443yvpfwm-gnused-4.9/bin/
PATH: /nix/store/xwl5rw38d5jf0qwgwiwz3whdb35ijcx2-gnugrep-3.11/bin/
PATH: /nix/store/q82gsqwih1xj4mhgl2nkqr66x227gn6y-gawk-5.2.2/bin/
PATH: /nix/store/3x3kvc7iiisi3zap4q2gwh3vplg897n1-gnutar-1.35/bin/
PATH: /nix/store/yv73dcxw00dqrirwlnqdnyv47l46hbn1-gzip-1.13/bin/
PATH: /nix/store/qa5d9czm469ci4416a9qhswfjp9cfa85-bzip2-1.0.8-bin/bin/
PATH: /nix/store/wnyzkpp94dg9s4iky7pd5lrx5x4blq2s-gnumake-4.4.1/bin/
PATH: /nix/store/57dqrh5d96g2lriyyf81j53vzphfflh9-bash-5.2-p15/bin/
PATH: /nix/store/5gk0b7j68pjh1m3xddkqy8a9v2ky8mcl-patch-2.7.6/bin/
PATH: /nix/store/3vyv1www60lc5v0s2w0dni06y071bv62-xz-5.4.4-bin/bin/
PATH: /nix/store/my4dqv1w8pd9nsibl2cz2dkqwpayy22l-file-5.45/bin/
PATH: /run/wrappers/bin/
PATH: /root/.nix-profile/bin/
PATH: /nix/profile/bin/
PATH: /root/.local/state/nix/profile/bin/
PATH: /etc/profiles/per-user/root/bin/
PATH: /nix/var/nix/profiles/default/bin/
PATH: /run/current-system/sw/bin/


## ----------- ##
## Core tests. ##
## ----------- ##

configure:2800: looking for aux files: config.guess config.sub ltmain.sh compile ar-lib missing install-sh
configure:2813:  trying ./
configure:2842:   ./config.guess found
configure:2842:   ./config.sub found
configure:2842:   ./ltmain.sh found
configure:2842:   ./compile found
configure:2842:   ./ar-lib found
configure:2842:   ./missing found
configure:2824:   ./install-sh found
configure:2971: checking for a BSD-compatible install
configure:3044: result: /nix/store/204ak4443zipfr2yi6y5wal05bck1qqg-coreutils-9.3/bin/install -c
configure:3055: checking whether build environment is sane
configure:3110: result: yes
configure:3269: checking for a race-free mkdir -p
configure:3313: result: /nix/store/204ak4443zipfr2yi6y5wal05bck1qqg-coreutils-9.3/bin/mkdir -p
configure:3320: checking for gawk
configure:3341: found /nix/store/q82gsqwih1xj4mhgl2nkqr66x227gn6y-gawk-5.2.2/bin/gawk
configure:3352: result: gawk
configure:3363: checking whether make sets $(MAKE)
configure:3386: result: yes
configure:3416: checking whether make supports nested variables
configure:3434: result: yes
configure:3583: checking whether make supports the include directive
configure:3598: make -f confmf.GNU && cat confinc.out
this is the am__doit target
configure:3601: $? = 0
configure:3620: result: yes (GNU style)
configure:3696: checking for gcc
configure:3728: result: gcc
configure:4081: checking for C compiler version
configure:4090: gcc --version >&5
gcc (GCC) 12.3.0
Copyright (C) 2022 Free Software Foundation, Inc.
This is free software; see the source for copying conditions.  There is NO
warranty; not even for MERCHANTABILITY or FITNESS FOR A PARTICULAR PURPOSE.

configure:4101: $? = 0
configure:4090: gcc -v >&5
Using built-in specs.
COLLECT_GCC=/nix/store/h2abv2l8irqj942i5rq9wbrj42kbsh5y-gcc-12.3.0/bin/gcc
COLLECT_LTO_WRAPPER=/nix/store/h2abv2l8irqj942i5rq9wbrj42kbsh5y-gcc-12.3.0/libexec/gcc/x86_64-unknown-linux-gnu/12.3.0/lto-wrapper
Target: x86_64-unknown-linux-gnu
Configured with: ../gcc-12.3.0/configure --prefix=/nix/store/eeeeeeeeeeeeeeeeeeeeeeeeeeeeeeee-gcc-12.3.0 --with-gmp-include=/nix/store/eeeeeeeeeeeeeeeeeeeeeeeeeeeeeeee-gmp-6.3.0-dev/include --with-gmp-lib=/nix/store/eeeeeeeeeeeeeeeeeeeeeeeeeeeeeeee-gmp-6.3.0/lib --with-mpfr-include=/nix/store/eeeeeeeeeeeeeeeeeeeeeeeeeeeeeeee-mpfr-4.2.1-dev/include --with-mpfr-lib=/nix/store/eeeeeeeeeeeeeeeeeeeeeeeeeeeeeeee-mpfr-4.2.1/lib --with-mpc=/nix/store/eeeeeeeeeeeeeeeeeeeeeeeeeeeeeeee-libmpc-1.3.1 --with-native-system-header-dir=/nix/store/eeeeeeeeeeeeeeeeeeeeeeeeeeeeeeee-glibc-2.38-66-dev/include --with-build-sysroot=/ --program-prefix= --enable-lto --disable-libstdcxx-pch --without-included-gettext --with-system-zlib --enable-static --enable-languages=c,c++ --disable-multilib --enable-plugin --disable-libcc1 --with-isl=/nix/store/eeeeeeeeeeeeeeeeeeeeeeeeeeeeeeee-isl-0.20 --disable-bootstrap --build=x86_64-unknown-linux-gnu --host=x86_64-unknown-linux-gnu --target=x86_64-unknown-linux-gnu
Thread model: posix
Supported LTO compression algorithms: zlib
gcc version 12.3.0 (GCC) 
configure:4101: $? = 0
configure:4090: gcc -V >&5
gcc: error: unrecognized command-line option '-V'
gcc: fatal error: no input files
compilation terminated.
configure:4101: $? = 1
configure:4090: gcc -qversion >&5
gcc: error: unrecognized command-line option '-qversion'; did you mean '--version'?
gcc: fatal error: no input files
compilation terminated.
configure:4101: $? = 1
configure:4090: gcc -version >&5
gcc: error: unrecognized command-line option '-version'
gcc: fatal error: no input files
compilation terminated.
configure:4101: $? = 1
configure:4121: checking whether the C compiler works
configure:4143: gcc    conftest.c  >&5
configure:4147: $? = 0
configure:4197: result: yes
configure:4200: checking for C compiler default output file name
configure:4202: result: a.out
configure:4208: checking for suffix of executables
configure:4215: gcc -o conftest    conftest.c  >&5
configure:4219: $? = 0
configure:4242: result: 
configure:4264: checking whether we are cross compiling
configure:4272: gcc -o conftest    conftest.c  >&5
configure:4276: $? = 0
configure:4283: ./conftest
configure:4287: $? = 0
configure:4302: result: no
configure:4307: checking for suffix of object files
configure:4330: gcc -c   conftest.c >&5
configure:4334: $? = 0
configure:4356: result: o
configure:4360: checking whether the compiler supports GNU C
configure:4380: gcc -c   conftest.c >&5
configure:4380: $? = 0
configure:4390: result: yes
configure:4401: checking whether gcc accepts -g
configure:4422: gcc -c -g  conftest.c >&5
configure:4422: $? = 0
configure:4466: result: yes
configure:4486: checking for gcc option to enable C11 features
configure:4501: gcc  -c -g -O2  conftest.c >&5
configure:4501: $? = 0
configure:4519: result: none needed
configure:4635: checking whether gcc understands -c and -o together
configure:4658: gcc -c conftest.c -o conftest2.o
configure:4661: $? = 0
configure:4658: gcc -c conftest.c -o conftest2.o
configure:4661: $? = 0
configure:4673: result: yes
configure:4692: checking dependency style of gcc
configure:4804: result: gcc3
configure:4933: checking the archiver (ar) interface
configure:4950: gcc -c -g -O2  conftest.c >&5
configure:4950: $? = 0
configure:4953: ar cru libconftest.a conftest.o >&5
ar: `u' modifier ignored since `D' is the default (see `U')
configure:4956: $? = 0
configure:4984: result: ar
configure:5133: checking for C++ compiler version
configure:5142: g++ --version >&5
g++ (GCC) 12.3.0
Copyright (C) 2022 Free Software Foundation, Inc.
This is free software; see the source for copying conditions.  There is NO
warranty; not even for MERCHANTABILITY or FITNESS FOR A PARTICULAR PURPOSE.

configure:5153: $? = 0
configure:5142: g++ -v >&5
Using built-in specs.
COLLECT_GCC=/nix/store/h2abv2l8irqj942i5rq9wbrj42kbsh5y-gcc-12.3.0/bin/g++
COLLECT_LTO_WRAPPER=/nix/store/h2abv2l8irqj942i5rq9wbrj42kbsh5y-gcc-12.3.0/libexec/gcc/x86_64-unknown-linux-gnu/12.3.0/lto-wrapper
Target: x86_64-unknown-linux-gnu
Configured with: ../gcc-12.3.0/configure --prefix=/nix/store/eeeeeeeeeeeeeeeeeeeeeeeeeeeeeeee-gcc-12.3.0 --with-gmp-include=/nix/store/eeeeeeeeeeeeeeeeeeeeeeeeeeeeeeee-gmp-6.3.0-dev/include --with-gmp-lib=/nix/store/eeeeeeeeeeeeeeeeeeeeeeeeeeeeeeee-gmp-6.3.0/lib --with-mpfr-include=/nix/store/eeeeeeeeeeeeeeeeeeeeeeeeeeeeeeee-mpfr-4.2.1-dev/include --with-mpfr-lib=/nix/store/eeeeeeeeeeeeeeeeeeeeeeeeeeeeeeee-mpfr-4.2.1/lib --with-mpc=/nix/store/eeeeeeeeeeeeeeeeeeeeeeeeeeeeeeee-libmpc-1.3.1 --with-native-system-header-dir=/nix/store/eeeeeeeeeeeeeeeeeeeeeeeeeeeeeeee-glibc-2.38-66-dev/include --with-build-sysroot=/ --program-prefix= --enable-lto --disable-libstdcxx-pch --without-included-gettext --with-system-zlib --enable-static --enable-languages=c,c++ --disable-multilib --enable-plugin --disable-libcc1 --with-isl=/nix/store/eeeeeeeeeeeeeeeeeeeeeeeeeeeeeeee-isl-0.20 --disable-bootstrap --build=x86_64-unknown-linux-gnu --host=x86_64-unknown-linux-gnu --target=x86_64-unknown-linux-gnu
Thread model: posix
Supported LTO compression algorithms: zlib
gcc version 12.3.0 (GCC) 
configure:5153: $? = 0
configure:5142: g++ -V >&5
g++: error: unrecognized command-line option '-V'
g++: fatal error: no input files
compilation terminated.
configure:5153: $? = 1
configure:5142: g++ -qversion >&5
g++: error: unrecognized command-line option '-qversion'; did you mean '--version'?
g++: fatal error: no input files
compilation terminated.
configure:5153: $? = 1
configure:5157: checking whether the compiler supports GNU C++
configure:5177: g++ -c   conftest.cpp >&5
configure:5177: $? = 0
configure:5187: result: yes
configure:5198: checking whether g++ accepts -g
configure:5219: g++ -c -g  conftest.cpp >&5
configure:5219: $? = 0
configure:5263: result: yes
configure:5283: checking for g++ option to enable C++11 features
configure:5298: g++  -c -g -O2  conftest.cpp >&5
conftest.cpp: In function 'int main(int, char**)':
conftest.cpp:177:25: warning: empty parentheses were disambiguated as a function declaration [-Wvexing-parse]
  177 |   cxx11test::delegate d2();
      |                         ^~
conftest.cpp:177:25: note: remove parentheses to default-initialize a variable
  177 |   cxx11test::delegate d2();
      |                         ^~
      |                         --
conftest.cpp:177:25: note: or replace parentheses with braces to value-initialize a variable
configure:5298: $? = 0
configure:5316: result: none needed
configure:5382: checking dependency style of g++
configure:5494: result: gcc3
configure:5577: checking build system type
configure:5592: result: x86_64-pc-linux-gnu
configure:5612: checking host system type
configure:5626: result: x86_64-pc-linux-gnu
configure:5667: checking how to print strings
configure:5694: result: printf
configure:5715: checking for a sed that does not truncate output
configure:5785: result: /nix/store/w69q832hyxlriwa9vvcj076443yvpfwm-gnused-4.9/bin/sed
configure:5803: checking for grep that handles long lines and -e
configure:5867: result: /nix/store/xwl5rw38d5jf0qwgwiwz3whdb35ijcx2-gnugrep-3.11/bin/grep
configure:5872: checking for egrep
configure:5940: result: /nix/store/xwl5rw38d5jf0qwgwiwz3whdb35ijcx2-gnugrep-3.11/bin/grep -E
configure:5945: checking for fgrep
configure:6013: result: /nix/store/xwl5rw38d5jf0qwgwiwz3whdb35ijcx2-gnugrep-3.11/bin/grep -F
configure:6049: checking for ld used by gcc
configure:6117: result: ld
configure:6124: checking if the linker (ld) is GNU ld
configure:6140: result: yes
configure:6152: checking for BSD- or MS-compatible name lister (nm)
configure:6207: result: nm
configure:6347: checking the name lister (nm) interface
configure:6355: gcc -c -g -O2  conftest.c >&5
configure:6358: nm "conftest.o"
configure:6361: output
0000000000000000 B some_variable
configure:6368: result: BSD nm
configure:6371: checking whether ln -s works
configure:6375: result: yes
configure:6383: checking the maximum length of command line arguments
configure:6515: result: 1572864
configure:6563: checking how to convert x86_64-pc-linux-gnu file names to x86_64-pc-linux-gnu format
configure:6604: result: func_convert_file_noop
configure:6611: checking how to convert x86_64-pc-linux-gnu file names to toolchain format
configure:6632: result: func_convert_file_noop
configure:6639: checking for ld option to reload object files
configure:6647: result: -r
configure:6726: checking for file
configure:6747: found /nix/store/r46aibnxb5151ijrywmmqk0m9hmpw0v8-file-5.45/bin/file
configure:6758: result: file
configure:6834: checking for objdump
configure:6866: result: objdump
configure:6898: checking how to recognize dependent libraries
configure:7099: result: pass_all
configure:7189: checking for dlltool
configure:7224: result: no
configure:7254: checking how to associate runtime and link libraries
configure:7282: result: printf %s\n
configure:7432: checking for archiver @FILE support
configure:7450: gcc -c -g -O2  conftest.c >&5
configure:7450: $? = 0
configure:7454: ar cr libconftest.a @conftest.lst >&5
configure:7457: $? = 0
configure:7462: ar cr libconftest.a @conftest.lst >&5
ar: conftest.o: No such file or directory
configure:7465: $? = 1
configure:7477: result: @
configure:7540: checking for strip
configure:7572: result: strip
configure:7649: checking for ranlib
configure:7681: result: ranlib
configure:7783: checking command to parse nm output from gcc object
configure:7937: gcc -c -g -O2  conftest.c >&5
configure:7940: $? = 0
configure:7944: nm conftest.o \| /nix/store/w69q832hyxlriwa9vvcj076443yvpfwm-gnused-4.9/bin/sed -n -e 's/^.*[ ]\([ABCDGIRSTW][ABCDGIRSTW]*\)[ ][ ]*\([_A-Za-z][_A-Za-z0-9]*\)$/\1 \2 \2/p' | /nix/store/w69q832hyxlriwa9vvcj076443yvpfwm-gnused-4.9/bin/sed '/ __gnu_lto/d' \> conftest.nm
configure:7947: $? = 0
configure:8013: gcc -o conftest -g -O2   conftest.c conftstm.o >&5
configure:8016: $? = 0
configure:8054: result: ok
configure:8101: checking for sysroot
configure:8132: result: no
configure:8139: checking for a working dd
configure:8183: result: /nix/store/204ak4443zipfr2yi6y5wal05bck1qqg-coreutils-9.3/bin/dd
configure:8187: checking how to truncate binary pipes
configure:8203: result: /nix/store/204ak4443zipfr2yi6y5wal05bck1qqg-coreutils-9.3/bin/dd bs=4096 count=1
configure:8340: gcc -c -g -O2  conftest.c >&5
configure:8343: $? = 0
configure:8540: checking for mt
configure:8575: result: no
configure:8595: checking if : is a manifest tool
configure:8602: : '-?'
configure:8610: result: no
configure:9335: checking for stdio.h
configure:9335: gcc -c -g -O2  conftest.c >&5
configure:9335: $? = 0
configure:9335: result: yes
configure:9335: checking for stdlib.h
configure:9335: gcc -c -g -O2  conftest.c >&5
configure:9335: $? = 0
configure:9335: result: yes
configure:9335: checking for string.h
configure:9335: gcc -c -g -O2  conftest.c >&5
configure:9335: $? = 0
configure:9335: result: yes
configure:9335: checking for inttypes.h
configure:9335: gcc -c -g -O2  conftest.c >&5
configure:9335: $? = 0
configure:9335: result: yes
configure:9335: checking for stdint.h
configure:9335: gcc -c -g -O2  conftest.c >&5
configure:9335: $? = 0
configure:9335: result: yes
configure:9335: checking for strings.h
configure:9335: gcc -c -g -O2  conftest.c >&5
configure:9335: $? = 0
configure:9335: result: yes
configure:9335: checking for sys/stat.h
configure:9335: gcc -c -g -O2  conftest.c >&5
configure:9335: $? = 0
configure:9335: result: yes
configure:9335: checking for sys/types.h
configure:9335: gcc -c -g -O2  conftest.c >&5
configure:9335: $? = 0
configure:9335: result: yes
configure:9335: checking for unistd.h
configure:9335: gcc -c -g -O2  conftest.c >&5
configure:9335: $? = 0
configure:9335: result: yes
configure:9360: checking for dlfcn.h
configure:9360: gcc -c -g -O2  conftest.c >&5
configure:9360: $? = 0
configure:9360: result: yes
configure:9599: checking for objdir
configure:9615: result: .libs
configure:9879: checking if gcc supports -fno-rtti -fno-exceptions
configure:9898: gcc -c -g -O2  -fno-rtti -fno-exceptions conftest.c >&5
cc1: warning: command-line option '-fno-rtti' is valid for C++/D/ObjC++ but not for C
configure:9902: $? = 0
configure:9915: result: no
configure:10273: checking for gcc option to produce PIC
configure:10281: result: -fPIC -DPIC
configure:10289: checking if gcc PIC flag -fPIC -DPIC works
configure:10308: gcc -c -g -O2  -fPIC -DPIC -DPIC conftest.c >&5
configure:10312: $? = 0
configure:10325: result: yes
configure:10354: checking if gcc static flag -static works
configure:10383: result: no
configure:10398: checking if gcc supports -c -o file.o
configure:10420: gcc -c -g -O2  -o out/conftest2.o conftest.c >&5
configure:10424: $? = 0
configure:10446: result: yes
configure:10454: checking if gcc supports -c -o file.o
configure:10502: result: yes
configure:10535: checking whether the gcc linker (ld -m elf_x86_64) supports shared libraries
configure:11803: result: yes
configure:11840: checking whether -lc should be explicitly linked in
configure:11849: gcc -c -g -O2  conftest.c >&5
configure:11852: $? = 0
configure:11867: gcc -shared  -fPIC -DPIC conftest.o  -v -Wl,-soname -Wl,conftest -o conftest 2\>\&1 \| /nix/store/xwl5rw38d5jf0qwgwiwz3whdb35ijcx2-gnugrep-3.11/bin/grep  -lc  \>/dev/null 2\>\&1
configure:11870: $? = 0
configure:11884: result: no
configure:12044: checking dynamic linker characteristics
configure:12626: gcc -o conftest -g -O2   -Wl,-rpath -Wl,/foo conftest.c  >&5
configure:12626: $? = 0
configure:12865: result: GNU/Linux ld.so
configure:12987: checking how to hardcode library paths into programs
configure:13012: result: immediate
configure:13564: checking whether stripping libraries is possible
configure:13573: result: yes
configure:13615: checking if libtool supports shared libraries
configure:13617: result: yes
configure:13620: checking whether to build shared libraries
configure:13645: result: yes
configure:13648: checking whether to build static libraries
configure:13652: result: yes
configure:13675: checking how to run the C++ preprocessor
configure:13697: g++ -std=c++17 -fno-exceptions -Wno-deprecated-declarations -E  conftest.cpp
configure:13697: $? = 0
configure:13712: g++ -std=c++17 -fno-exceptions -Wno-deprecated-declarations -E  conftest.cpp
conftest.cpp:23:10: fatal error: ac_nonexistent.h: No such file or directory
   23 | #include <ac_nonexistent.h>
      |          ^~~~~~~~~~~~~~~~~~
compilation terminated.
configure:13712: $? = 1
configure: failed program was:
| /* confdefs.h */
| #define PACKAGE_NAME "OpenFst"
| #define PACKAGE_TARNAME "openfst"
| #define PACKAGE_VERSION "1.8.0"
| #define PACKAGE_STRING "OpenFst 1.8.0"
| #define PACKAGE_BUGREPORT "help@www.openfst.org"
| #define PACKAGE_URL ""
| #define PACKAGE "openfst"
| #define VERSION "1.8.0"
| #define HAVE_STDIO_H 1
| #define HAVE_STDLIB_H 1
| #define HAVE_STRING_H 1
| #define HAVE_INTTYPES_H 1
| #define HAVE_STDINT_H 1
| #define HAVE_STRINGS_H 1
| #define HAVE_SYS_STAT_H 1
| #define HAVE_SYS_TYPES_H 1
| #define HAVE_UNISTD_H 1
| #define STDC_HEADERS 1
| #define HAVE_DLFCN_H 1
| #define LT_OBJDIR ".libs/"
| /* end confdefs.h.  */
| #include <ac_nonexistent.h>
configure:13739: result: g++ -std=c++17 -fno-exceptions -Wno-deprecated-declarations -E
configure:13753: g++ -std=c++17 -fno-exceptions -Wno-deprecated-declarations -E  conftest.cpp
configure:13753: $? = 0
configure:13768: g++ -std=c++17 -fno-exceptions -Wno-deprecated-declarations -E  conftest.cpp
conftest.cpp:23:10: fatal error: ac_nonexistent.h: No such file or directory
   23 | #include <ac_nonexistent.h>
      |          ^~~~~~~~~~~~~~~~~~
compilation terminated.
configure:13768: $? = 1
configure: failed program was:
| /* confdefs.h */
| #define PACKAGE_NAME "OpenFst"
| #define PACKAGE_TARNAME "openfst"
| #define PACKAGE_VERSION "1.8.0"
| #define PACKAGE_STRING "OpenFst 1.8.0"
| #define PACKAGE_BUGREPORT "help@www.openfst.org"
| #define PACKAGE_URL ""
| #define PACKAGE "openfst"
| #define VERSION "1.8.0"
| #define HAVE_STDIO_H 1
| #define HAVE_STDLIB_H 1
| #define HAVE_STRING_H 1
| #define HAVE_INTTYPES_H 1
| #define HAVE_STDINT_H 1
| #define HAVE_STRINGS_H 1
| #define HAVE_SYS_STAT_H 1
| #define HAVE_SYS_TYPES_H 1
| #define HAVE_UNISTD_H 1
| #define STDC_HEADERS 1
| #define HAVE_DLFCN_H 1
| #define LT_OBJDIR ".libs/"
| /* end confdefs.h.  */
| #include <ac_nonexistent.h>
configure:13933: checking for ld used by g++ -std=c++17 -fno-exceptions -Wno-deprecated-declarations
configure:14001: result: ld -m elf_x86_64
configure:14008: checking if the linker (ld -m elf_x86_64) is GNU ld
configure:14024: result: yes
configure:14079: checking whether the g++ -std=c++17 -fno-exceptions -Wno-deprecated-declarations linker (ld -m elf_x86_64) supports shared libraries
configure:15157: result: yes
configure:15193: g++ -std=c++17 -fno-exceptions -Wno-deprecated-declarations -c -g -O2  conftest.cpp >&5
configure:15196: $? = 0
configure:15677: checking for g++ -std=c++17 -fno-exceptions -Wno-deprecated-declarations option to produce PIC
configure:15685: result: -fPIC -DPIC
configure:15693: checking if g++ -std=c++17 -fno-exceptions -Wno-deprecated-declarations PIC flag -fPIC -DPIC works
configure:15712: g++ -std=c++17 -fno-exceptions -Wno-deprecated-declarations -c -g -O2  -fPIC -DPIC -DPIC conftest.cpp >&5
configure:15716: $? = 0
configure:15729: result: yes
configure:15752: checking if g++ -std=c++17 -fno-exceptions -Wno-deprecated-declarations static flag -static works
configure:15781: result: no
configure:15793: checking if g++ -std=c++17 -fno-exceptions -Wno-deprecated-declarations supports -c -o file.o
configure:15815: g++ -std=c++17 -fno-exceptions -Wno-deprecated-declarations -c -g -O2  -o out/conftest2.o conftest.cpp >&5
configure:15819: $? = 0
configure:15841: result: yes
configure:15846: checking if g++ -std=c++17 -fno-exceptions -Wno-deprecated-declarations supports -c -o file.o
configure:15894: result: yes
configure:15924: checking whether the g++ -std=c++17 -fno-exceptions -Wno-deprecated-declarations linker (ld -m elf_x86_64) supports shared libraries
configure:15964: result: yes
configure:16106: checking dynamic linker characteristics
configure:16854: result: GNU/Linux ld.so
configure:16919: checking how to hardcode library paths into programs
configure:16944: result: immediate
configure:18037: checking for dlopen in -ldl
configure:18059: g++ -std=c++17 -fno-exceptions -Wno-deprecated-declarations -o conftest -g -O2   conftest.cpp -ldl   >&5
configure:18059: $? = 0
configure:18069: result: yes
configure:18179: checking that generated files are newer than configure
configure:18185: result: done
configure:18272: creating ./config.status

## ---------------------- ##
## Running config.status. ##
## ---------------------- ##

This file was extended by OpenFst config.status 1.8.0, which was
generated by GNU Autoconf 2.71.  Invocation command line was

  CONFIG_FILES    = 
  CONFIG_HEADERS  = 
  CONFIG_LINKS    = 
  CONFIG_COMMANDS = 
  $ ./config.status 

on nixos

config.status:1210: creating Makefile
config.status:1210: creating src/Makefile
config.status:1210: creating src/include/Makefile
config.status:1210: creating src/lib/Makefile
config.status:1210: creating src/bin/Makefile
config.status:1210: creating src/test/Makefile
config.status:1210: creating src/extensions/Makefile
config.status:1210: creating src/extensions/compact/Makefile
config.status:1210: creating src/extensions/compress/Makefile
config.status:1210: creating src/extensions/const/Makefile
config.status:1210: creating src/extensions/far/Makefile
config.status:1210: creating src/extensions/linear/Makefile
config.status:1210: creating src/extensions/lookahead/Makefile
config.status:1210: creating src/extensions/mpdt/Makefile
config.status:1210: creating src/extensions/ngram/Makefile
config.status:1210: creating src/extensions/pdt/Makefile
config.status:1210: creating src/extensions/python/Makefile
config.status:1210: creating src/extensions/special/Makefile
config.status:1210: creating src/script/Makefile
config.status:1210: creating config.h
config.status:1391: config.h is unchanged
config.status:1210: creating src/include/fst/config.h
config.status:1391: src/include/fst/config.h is unchanged
config.status:1439: executing depfiles commands
config.status:1516: cd src/lib       && sed -e '/# am--include-marker/d' Makefile         | make -f - am--depfiles
make: Nothing to be done for 'am--depfiles'.
config.status:1521: $? = 0
config.status:1516: cd src/bin       && sed -e '/# am--include-marker/d' Makefile         | make -f - am--depfiles
make: Nothing to be done for 'am--depfiles'.
config.status:1521: $? = 0
config.status:1516: cd src/test       && sed -e '/# am--include-marker/d' Makefile         | make -f - am--depfiles
make: Nothing to be done for 'am--depfiles'.
config.status:1521: $? = 0
config.status:1516: cd src/extensions/compact       && sed -e '/# am--include-marker/d' Makefile         | make -f - am--depfiles
make: Nothing to be done for 'am--depfiles'.
config.status:1521: $? = 0
config.status:1516: cd src/extensions/compress       && sed -e '/# am--include-marker/d' Makefile         | make -f - am--depfiles
make: Nothing to be done for 'am--depfiles'.
config.status:1521: $? = 0
config.status:1516: cd src/extensions/const       && sed -e '/# am--include-marker/d' Makefile         | make -f - am--depfiles
make: Nothing to be done for 'am--depfiles'.
config.status:1521: $? = 0
config.status:1516: cd src/extensions/far       && sed -e '/# am--include-marker/d' Makefile         | make -f - am--depfiles
make: Nothing to be done for 'am--depfiles'.
config.status:1521: $? = 0
config.status:1516: cd src/extensions/linear       && sed -e '/# am--include-marker/d' Makefile         | make -f - am--depfiles
make: Nothing to be done for 'am--depfiles'.
config.status:1521: $? = 0
config.status:1516: cd src/extensions/lookahead       && sed -e '/# am--include-marker/d' Makefile         | make -f - am--depfiles
make: Nothing to be done for 'am--depfiles'.
config.status:1521: $? = 0
config.status:1516: cd src/extensions/mpdt       && sed -e '/# am--include-marker/d' Makefile         | make -f - am--depfiles
make: Nothing to be done for 'am--depfiles'.
config.status:1521: $? = 0
config.status:1516: cd src/extensions/ngram       && sed -e '/# am--include-marker/d' Makefile         | make -f - am--depfiles
make: Nothing to be done for 'am--depfiles'.
config.status:1521: $? = 0
config.status:1516: cd src/extensions/pdt       && sed -e '/# am--include-marker/d' Makefile         | make -f - am--depfiles
make: Nothing to be done for 'am--depfiles'.
config.status:1521: $? = 0
config.status:1516: cd src/extensions/python       && sed -e '/# am--include-marker/d' Makefile         | make -f - am--depfiles
make: Nothing to be done for 'am--depfiles'.
config.status:1521: $? = 0
config.status:1516: cd src/extensions/special       && sed -e '/# am--include-marker/d' Makefile         | make -f - am--depfiles
make: Nothing to be done for 'am--depfiles'.
config.status:1521: $? = 0
config.status:1516: cd src/script       && sed -e '/# am--include-marker/d' Makefile         | make -f - am--depfiles
make: Nothing to be done for 'am--depfiles'.
config.status:1521: $? = 0
config.status:1439: executing libtool commands

## ---------------- ##
## Cache variables. ##
## ---------------- ##

ac_cv_build=x86_64-pc-linux-gnu
ac_cv_c_compiler_gnu=yes
ac_cv_cxx_compiler_gnu=yes
ac_cv_env_CCC_set=
ac_cv_env_CCC_value=
ac_cv_env_CC_set=set
ac_cv_env_CC_value=gcc
ac_cv_env_CFLAGS_set=
ac_cv_env_CFLAGS_value=
ac_cv_env_CPPFLAGS_set=
ac_cv_env_CPPFLAGS_value=
ac_cv_env_CXXCPP_set=
ac_cv_env_CXXCPP_value=
ac_cv_env_CXXFLAGS_set=
ac_cv_env_CXXFLAGS_value=
ac_cv_env_CXX_set=set
ac_cv_env_CXX_value=g++
ac_cv_env_LDFLAGS_set=
ac_cv_env_LDFLAGS_value=
ac_cv_env_LIBS_set=
ac_cv_env_LIBS_value=
ac_cv_env_LT_SYS_LIBRARY_PATH_set=
ac_cv_env_LT_SYS_LIBRARY_PATH_value=
ac_cv_env_PYTHON_VERSION_set=
ac_cv_env_PYTHON_VERSION_value=
ac_cv_env_PYTHON_set=
ac_cv_env_PYTHON_value=
ac_cv_env_build_alias_set=
ac_cv_env_build_alias_value=
ac_cv_env_host_alias_set=
ac_cv_env_host_alias_value=
ac_cv_env_target_alias_set=
ac_cv_env_target_alias_value=
ac_cv_header_dlfcn_h=yes
ac_cv_header_inttypes_h=yes
ac_cv_header_stdint_h=yes
ac_cv_header_stdio_h=yes
ac_cv_header_stdlib_h=yes
ac_cv_header_string_h=yes
ac_cv_header_strings_h=yes
ac_cv_header_sys_stat_h=yes
ac_cv_header_sys_types_h=yes
ac_cv_header_unistd_h=yes
ac_cv_host=x86_64-pc-linux-gnu
ac_cv_lib_dl_dlopen=yes
ac_cv_objext=o
ac_cv_path_EGREP='/nix/store/xwl5rw38d5jf0qwgwiwz3whdb35ijcx2-gnugrep-3.11/bin/grep -E'
ac_cv_path_FGREP='/nix/store/xwl5rw38d5jf0qwgwiwz3whdb35ijcx2-gnugrep-3.11/bin/grep -F'
ac_cv_path_GREP=/nix/store/xwl5rw38d5jf0qwgwiwz3whdb35ijcx2-gnugrep-3.11/bin/grep
ac_cv_path_SED=/nix/store/w69q832hyxlriwa9vvcj076443yvpfwm-gnused-4.9/bin/sed
ac_cv_path_install='/nix/store/204ak4443zipfr2yi6y5wal05bck1qqg-coreutils-9.3/bin/install -c'
ac_cv_path_lt_DD=/nix/store/204ak4443zipfr2yi6y5wal05bck1qqg-coreutils-9.3/bin/dd
ac_cv_path_mkdir=/nix/store/204ak4443zipfr2yi6y5wal05bck1qqg-coreutils-9.3/bin/mkdir
ac_cv_prog_AWK=gawk
ac_cv_prog_CXXCPP='g++ -std=c++17 -fno-exceptions -Wno-deprecated-declarations -E'
ac_cv_prog_ac_ct_CC=gcc
ac_cv_prog_ac_ct_FILECMD=file
ac_cv_prog_ac_ct_OBJDUMP=objdump
ac_cv_prog_ac_ct_RANLIB=ranlib
ac_cv_prog_ac_ct_STRIP=strip
ac_cv_prog_cc_c11=
ac_cv_prog_cc_g=yes
ac_cv_prog_cc_stdc=
ac_cv_prog_cxx_11=no
ac_cv_prog_cxx_cxx11=
ac_cv_prog_cxx_g=yes
ac_cv_prog_cxx_stdcxx=
ac_cv_prog_make_make_set=yes
am_cv_CC_dependencies_compiler_type=gcc3
am_cv_CXX_dependencies_compiler_type=gcc3
am_cv_ar_interface=ar
am_cv_make_support_nested_variables=yes
am_cv_prog_cc_c_o=yes
lt_cv_ar_at_file=@
lt_cv_archive_cmds_need_lc=no
lt_cv_deplibs_check_method=pass_all
lt_cv_file_magic_cmd='$MAGIC_CMD'
lt_cv_file_magic_test_file=
lt_cv_ld_reload_flag=-r
lt_cv_nm_interface='BSD nm'
lt_cv_objdir=.libs
lt_cv_path_LD=ld
lt_cv_path_LDCXX='ld -m elf_x86_64'
lt_cv_path_NM=nm
lt_cv_path_mainfest_tool=no
lt_cv_prog_compiler_c_o=yes
lt_cv_prog_compiler_c_o_CXX=yes
lt_cv_prog_compiler_pic='-fPIC -DPIC'
lt_cv_prog_compiler_pic_CXX='-fPIC -DPIC'
lt_cv_prog_compiler_pic_works=yes
lt_cv_prog_compiler_pic_works_CXX=yes
lt_cv_prog_compiler_rtti_exceptions=no
lt_cv_prog_compiler_static_works=no
lt_cv_prog_compiler_static_works_CXX=no
lt_cv_prog_gnu_ld=yes
lt_cv_prog_gnu_ldcxx=yes
lt_cv_sharedlib_from_linklib_cmd='printf %s\n'
lt_cv_shlibpath_overrides_runpath=yes
lt_cv_sys_global_symbol_pipe='/nix/store/w69q832hyxlriwa9vvcj076443yvpfwm-gnused-4.9/bin/sed -n -e '\''s/^.*[	 ]\([ABCDGIRSTW][ABCDGIRSTW]*\)[	 ][	 ]*\([_A-Za-z][_A-Za-z0-9]*\)$/\1 \2 \2/p'\'' | /nix/store/w69q832hyxlriwa9vvcj076443yvpfwm-gnused-4.9/bin/sed '\''/ __gnu_lto/d'\'''
lt_cv_sys_global_symbol_to_c_name_address='/nix/store/w69q832hyxlriwa9vvcj076443yvpfwm-gnused-4.9/bin/sed -n -e '\''s/^: \(.*\) .*$/  {"\1", (void *) 0},/p'\'' -e '\''s/^[ABCDGIRSTW][ABCDGIRSTW]* .* \(.*\)$/  {"\1", (void *) \&\1},/p'\'''
lt_cv_sys_global_symbol_to_c_name_address_lib_prefix='/nix/store/w69q832hyxlriwa9vvcj076443yvpfwm-gnused-4.9/bin/sed -n -e '\''s/^: \(.*\) .*$/  {"\1", (void *) 0},/p'\'' -e '\''s/^[ABCDGIRSTW][ABCDGIRSTW]* .* \(lib.*\)$/  {"\1", (void *) \&\1},/p'\'' -e '\''s/^[ABCDGIRSTW][ABCDGIRSTW]* .* \(.*\)$/  {"lib\1", (void *) \&\1},/p'\'''
lt_cv_sys_global_symbol_to_cdecl='/nix/store/w69q832hyxlriwa9vvcj076443yvpfwm-gnused-4.9/bin/sed -n -e '\''s/^T .* \(.*\)$/extern int \1();/p'\'' -e '\''s/^[ABCDGIRSTW][ABCDGIRSTW]* .* \(.*\)$/extern char \1;/p'\'''
lt_cv_sys_global_symbol_to_import=
lt_cv_sys_max_cmd_len=1572864
lt_cv_to_host_file_cmd=func_convert_file_noop
lt_cv_to_tool_file_cmd=func_convert_file_noop
lt_cv_truncate_bin='/nix/store/204ak4443zipfr2yi6y5wal05bck1qqg-coreutils-9.3/bin/dd bs=4096 count=1'

## ----------------- ##
## Output variables. ##
## ----------------- ##

ACLOCAL='${SHELL} '\''/root/tii/test_repo_vosk/packages/vosk/kaldi/tools/openfst-1.8.0/missing'\'' aclocal-1.16'
AMDEPBACKSLASH='\'
AMDEP_FALSE='#'
AMDEP_TRUE=''
AMTAR='$${TAR-tar}'
AM_BACKSLASH='\'
AM_DEFAULT_V='$(AM_DEFAULT_VERBOSITY)'
AM_DEFAULT_VERBOSITY='1'
AM_V='$(V)'
AR='ar'
AUTOCONF='${SHELL} '\''/root/tii/test_repo_vosk/packages/vosk/kaldi/tools/openfst-1.8.0/missing'\'' autoconf'
AUTOHEADER='${SHELL} '\''/root/tii/test_repo_vosk/packages/vosk/kaldi/tools/openfst-1.8.0/missing'\'' autoheader'
AUTOMAKE='${SHELL} '\''/root/tii/test_repo_vosk/packages/vosk/kaldi/tools/openfst-1.8.0/missing'\'' automake-1.16'
AWK='gawk'
CC='gcc'
CCDEPMODE='depmode=gcc3'
CFLAGS='-g -O2'
CPPFLAGS=''
CSCOPE='cscope'
CTAGS='ctags'
CXX='g++ -std=c++17 -fno-exceptions -Wno-deprecated-declarations'
CXXCPP='g++ -std=c++17 -fno-exceptions -Wno-deprecated-declarations -E'
CXXDEPMODE='depmode=gcc3'
CXXFLAGS='-g -O2'
CYGPATH_W='echo'
DEFS='-DHAVE_CONFIG_H'
DEPDIR='.deps'
DLLTOOL='false'
DL_LIBS='-ldl'
DSYMUTIL=''
DUMPBIN=''
ECHO_C=''
ECHO_N='-n'
ECHO_T=''
EGREP='/nix/store/xwl5rw38d5jf0qwgwiwz3whdb35ijcx2-gnugrep-3.11/bin/grep -E'
ETAGS='etags'
EXEEXT=''
FGREP='/nix/store/xwl5rw38d5jf0qwgwiwz3whdb35ijcx2-gnugrep-3.11/bin/grep -F'
FILECMD='file'
GREP='/nix/store/xwl5rw38d5jf0qwgwiwz3whdb35ijcx2-gnugrep-3.11/bin/grep'
HAVE_BIN_FALSE='#'
HAVE_BIN_TRUE=''
HAVE_COMPACT_FALSE=''
HAVE_COMPACT_TRUE='#'
HAVE_COMPRESS_FALSE=''
HAVE_COMPRESS_TRUE='#'
HAVE_CONST_FALSE=''
HAVE_CONST_TRUE='#'
HAVE_FAR_FALSE=''
HAVE_FAR_TRUE='#'
HAVE_FSTS_FALSE=''
HAVE_FSTS_TRUE='#'
HAVE_GRM_FALSE=''
HAVE_GRM_TRUE='#'
HAVE_LINEAR_FALSE=''
HAVE_LINEAR_TRUE='#'
HAVE_LOOKAHEAD_FALSE=''
HAVE_LOOKAHEAD_TRUE='#'
HAVE_MPDT_FALSE=''
HAVE_MPDT_TRUE='#'
HAVE_NGRAM_FALSE=''
HAVE_NGRAM_TRUE='#'
HAVE_PDT_FALSE=''
HAVE_PDT_TRUE='#'
HAVE_PYTHON_FALSE=''
HAVE_PYTHON_TRUE='#'
HAVE_SCRIPT_FALSE='#'
HAVE_SCRIPT_TRUE=''
HAVE_SPECIAL_FALSE=''
HAVE_SPECIAL_TRUE='#'
INSTALL_DATA='${INSTALL} -m 644'
INSTALL_PROGRAM='${INSTALL}'
INSTALL_SCRIPT='${INSTALL}'
INSTALL_STRIP_PROGRAM='$(install_sh) -c -s'
LD='ld -m elf_x86_64'
LDFLAGS=''
LIBOBJS=''
LIBS=''
LIBTOOL='$(SHELL) $(top_builddir)/libtool'
LIPO=''
LN_S='ln -s'
LTLIBOBJS=''
LT_SYS_LIBRARY_PATH=''
MAKEINFO='${SHELL} '\''/root/tii/test_repo_vosk/packages/vosk/kaldi/tools/openfst-1.8.0/missing'\'' makeinfo'
MANIFEST_TOOL=':'
MKDIR_P='/nix/store/204ak4443zipfr2yi6y5wal05bck1qqg-coreutils-9.3/bin/mkdir -p'
NM='nm'
NMEDIT=''
OBJDUMP='objdump'
OBJEXT='o'
OTOOL64=''
OTOOL=''
PACKAGE='openfst'
PACKAGE_BUGREPORT='help@www.openfst.org'
PACKAGE_NAME='OpenFst'
PACKAGE_STRING='OpenFst 1.8.0'
PACKAGE_TARNAME='openfst'
PACKAGE_URL=''
PACKAGE_VERSION='1.8.0'
PATH_SEPARATOR=':'
PYTHON=''
PYTHON_CPPFLAGS=''
PYTHON_EXEC_PREFIX=''
PYTHON_EXTRA_LDFLAGS=''
PYTHON_EXTRA_LIBS=''
PYTHON_LIBS=''
PYTHON_PLATFORM=''
PYTHON_PREFIX=''
PYTHON_SITE_PKG=''
PYTHON_VERSION=''
RANLIB='ranlib'
SED='/nix/store/w69q832hyxlriwa9vvcj076443yvpfwm-gnused-4.9/bin/sed'
SET_MAKE=''
SHELL='/nix/store/57dqrh5d96g2lriyyf81j53vzphfflh9-bash-5.2-p15/bin/bash'
STRIP='strip'
VERSION='1.8.0'
ac_ct_AR=''
ac_ct_CC='gcc'
ac_ct_CXX=''
ac_ct_DUMPBIN=''
am__EXEEXT_FALSE=''
am__EXEEXT_TRUE='#'
am__fastdepCC_FALSE='#'
am__fastdepCC_TRUE=''
am__fastdepCXX_FALSE='#'
am__fastdepCXX_TRUE=''
am__include='include'
am__isrc=''
am__leading_dot='.'
am__nodep='_no'
am__quote=''
am__tar='$${TAR-tar} chof - "$$tardir"'
am__untar='$${TAR-tar} xf -'
bindir='${exec_prefix}/bin'
build='x86_64-pc-linux-gnu'
build_alias=''
build_cpu='x86_64'
build_os='linux-gnu'
build_vendor='pc'
datadir='${datarootdir}'
datarootdir='${prefix}/share'
docdir='${datarootdir}/doc/${PACKAGE_TARNAME}'
dvidir='${docdir}'
exec_prefix='${prefix}'
host='x86_64-pc-linux-gnu'
host_alias=''
host_cpu='x86_64'
host_os='linux-gnu'
host_vendor='pc'
htmldir='${docdir}'
includedir='${prefix}/include'
infodir='${datarootdir}/info'
install_sh='${SHELL} /root/tii/test_repo_vosk/packages/vosk/kaldi/tools/openfst-1.8.0/install-sh'
libdir='${exec_prefix}/lib'
libexecdir='${exec_prefix}/libexec'
libfstdir='${exec_prefix}/lib/fst'
localedir='${datarootdir}/locale'
localstatedir='${prefix}/var'
mandir='${datarootdir}/man'
mkdir_p='$(MKDIR_P)'
oldincludedir='/usr/include'
pdfdir='${docdir}'
pkgpyexecdir=''
pkgpythondir=''
prefix='/usr/local'
program_transform_name='s,x,x,'
psdir='${docdir}'
pyexecdir=''
pythondir=''
runstatedir='${localstatedir}/run'
sbindir='${exec_prefix}/sbin'
sharedstatedir='${prefix}/com'
sysconfdir='${prefix}/etc'
target_alias=''

## ----------- ##
## confdefs.h. ##
## ----------- ##

/* confdefs.h */
#define PACKAGE_NAME "OpenFst"
#define PACKAGE_TARNAME "openfst"
#define PACKAGE_VERSION "1.8.0"
#define PACKAGE_STRING "OpenFst 1.8.0"
#define PACKAGE_BUGREPORT "help@www.openfst.org"
#define PACKAGE_URL ""
#define PACKAGE "openfst"
#define VERSION "1.8.0"
#define HAVE_STDIO_H 1
#define HAVE_STDLIB_H 1
#define HAVE_STRING_H 1
#define HAVE_INTTYPES_H 1
#define HAVE_STDINT_H 1
#define HAVE_STRINGS_H 1
#define HAVE_SYS_STAT_H 1
#define HAVE_SYS_TYPES_H 1
#define HAVE_UNISTD_H 1
#define STDC_HEADERS 1
#define HAVE_DLFCN_H 1
#define LT_OBJDIR ".libs/"

configure: exit 0
